TN:
SF:src/ejercicio-1/card.ts
FN:42,<instance_members_initializer>
FN:56,Card
FN:78,getId
FN:86,getNombre
FN:94,getCosteDeMana
FN:102,getColor
FN:110,getTipo
FN:118,getRareza
FN:126,getTextoDeReglas
FN:134,getValorDeMercado
FN:142,getFuerzaYResistencia
FN:150,getMarcasDeLealtad
FNF:12
FNH:12
FNDA:5,<instance_members_initializer>
FNDA:5,Card
FNDA:3,getId
FNDA:3,getNombre
FNDA:3,getCosteDeMana
FNDA:3,getColor
FNDA:3,getTipo
FNDA:3,getRareza
FNDA:3,getTextoDeReglas
FNDA:3,getValorDeMercado
FNDA:3,getFuerzaYResistencia
FNDA:3,getMarcasDeLealtad
DA:1,1
DA:2,1
DA:3,1
DA:4,1
DA:5,1
DA:6,1
DA:7,1
DA:8,1
DA:9,1
DA:10,1
DA:11,1
DA:12,1
DA:13,1
DA:14,1
DA:15,1
DA:16,1
DA:17,1
DA:18,1
DA:19,1
DA:20,1
DA:21,1
DA:22,1
DA:23,1
DA:24,1
DA:25,1
DA:26,1
DA:27,1
DA:28,1
DA:29,1
DA:30,1
DA:31,1
DA:32,1
DA:33,1
DA:34,1
DA:35,1
DA:36,1
DA:37,1
DA:38,1
DA:39,1
DA:40,1
DA:41,1
DA:42,1
DA:43,5
DA:44,5
DA:45,5
DA:46,5
DA:47,5
DA:48,5
DA:49,5
DA:50,5
DA:51,5
DA:52,5
DA:53,5
DA:54,5
DA:55,5
DA:56,5
DA:57,5
DA:58,5
DA:59,5
DA:60,5
DA:61,5
DA:62,5
DA:63,5
DA:64,5
DA:65,5
DA:66,5
DA:67,5
DA:68,5
DA:69,5
DA:70,4
DA:71,4
DA:72,5
DA:73,5
DA:74,5
DA:75,5
DA:76,5
DA:77,5
DA:78,5
DA:79,3
DA:80,3
DA:81,5
DA:82,5
DA:83,5
DA:84,5
DA:85,5
DA:86,5
DA:87,3
DA:88,3
DA:89,5
DA:90,5
DA:91,5
DA:92,5
DA:93,5
DA:94,5
DA:95,3
DA:96,3
DA:97,5
DA:98,5
DA:99,5
DA:100,5
DA:101,5
DA:102,5
DA:103,3
DA:104,3
DA:105,5
DA:106,5
DA:107,5
DA:108,5
DA:109,5
DA:110,5
DA:111,3
DA:112,3
DA:113,5
DA:114,5
DA:115,5
DA:116,5
DA:117,5
DA:118,5
DA:119,3
DA:120,3
DA:121,5
DA:122,5
DA:123,5
DA:124,5
DA:125,5
DA:126,5
DA:127,3
DA:128,3
DA:129,5
DA:130,5
DA:131,5
DA:132,5
DA:133,5
DA:134,5
DA:135,3
DA:136,3
DA:137,5
DA:138,5
DA:139,5
DA:140,5
DA:141,5
DA:142,5
DA:143,3
DA:144,3
DA:145,5
DA:146,5
DA:147,5
DA:148,5
DA:149,5
DA:150,5
DA:151,3
DA:152,3
DA:153,5
LF:153
LH:153
BRDA:6,0,0,1
BRDA:19,1,0,1
BRDA:32,2,0,1
BRDA:42,3,0,5
BRDA:56,4,0,5
BRDA:68,5,0,2
BRDA:69,6,0,1
BRDA:70,7,0,4
BRDA:70,8,0,2
BRDA:71,9,0,1
BRDA:78,10,0,3
BRDA:86,11,0,3
BRDA:94,12,0,3
BRDA:102,13,0,3
BRDA:110,14,0,3
BRDA:118,15,0,3
BRDA:126,16,0,3
BRDA:134,17,0,3
BRDA:142,18,0,3
BRDA:150,19,0,3
BRF:20
BRH:20
end_of_record
TN:
SF:src/ejercicio-1/systemManager.ts
FN:13,getDirectoryFrom
FN:23,getCardFilePath
FN:32,cardExistsIn
FN:41,USER_DOESNT_HAVE_COLLECTION
FN:50,CARD_NOT_FOUND
FN:59,CARD_ALREADY_EXISTS
FN:70,CARD_ADDED
FN:79,CARD_UPDATED
FN:90,CARD_REMOVED
FN:101,ERROR_ADDING_CARD
FN:114,ERROR_UPDATING_CARD
FN:127,ERROR_REMOVING_CARD
FN:140,ERROR_SHOWING_CARD
FN:153,ERROR_LISTING_COLLECTION
FN:165,get CREATURE_CARD_MUST_HAVE_POWER_AND_TOUGHNESS
FN:177,get PLANESWALKER_CARD_MUST_HAVE_LOYALTY_MARKS
FNF:16
FNH:16
FNDA:2,getDirectoryFrom
FNDA:1,getCardFilePath
FNDA:2,cardExistsIn
FNDA:1,USER_DOESNT_HAVE_COLLECTION
FNDA:1,CARD_NOT_FOUND
FNDA:1,CARD_ALREADY_EXISTS
FNDA:1,CARD_ADDED
FNDA:1,CARD_UPDATED
FNDA:1,CARD_REMOVED
FNDA:1,ERROR_ADDING_CARD
FNDA:1,ERROR_UPDATING_CARD
FNDA:1,ERROR_REMOVING_CARD
FNDA:1,ERROR_SHOWING_CARD
FNDA:1,ERROR_LISTING_COLLECTION
FNDA:3,get CREATURE_CARD_MUST_HAVE_POWER_AND_TOUGHNESS
FNDA:3,get PLANESWALKER_CARD_MUST_HAVE_LOYALTY_MARKS
DA:1,1
DA:2,1
DA:3,1
DA:4,1
DA:5,1
DA:6,1
DA:7,1
DA:8,1
DA:9,1
DA:10,1
DA:11,1
DA:12,1
DA:13,1
DA:14,2
DA:15,2
DA:16,1
DA:17,1
DA:18,1
DA:19,1
DA:20,1
DA:21,1
DA:22,1
DA:23,1
DA:24,1
DA:25,1
DA:26,1
DA:27,1
DA:28,1
DA:29,1
DA:30,1
DA:31,1
DA:32,1
DA:33,2
DA:34,2
DA:35,1
DA:36,1
DA:37,1
DA:38,1
DA:39,1
DA:40,1
DA:41,1
DA:42,1
DA:43,1
DA:44,1
DA:45,1
DA:46,1
DA:47,1
DA:48,1
DA:49,1
DA:50,1
DA:51,1
DA:52,1
DA:53,1
DA:54,1
DA:55,1
DA:56,1
DA:57,1
DA:58,1
DA:59,1
DA:60,1
DA:61,1
DA:62,1
DA:63,1
DA:64,1
DA:65,1
DA:66,1
DA:67,1
DA:68,1
DA:69,1
DA:70,1
DA:71,1
DA:72,1
DA:73,1
DA:74,1
DA:75,1
DA:76,1
DA:77,1
DA:78,1
DA:79,1
DA:80,1
DA:81,1
DA:82,1
DA:83,1
DA:84,1
DA:85,1
DA:86,1
DA:87,1
DA:88,1
DA:89,1
DA:90,1
DA:91,1
DA:92,1
DA:93,1
DA:94,1
DA:95,1
DA:96,1
DA:97,1
DA:98,1
DA:99,1
DA:100,1
DA:101,1
DA:102,1
DA:103,1
DA:104,1
DA:105,1
DA:106,1
DA:107,1
DA:108,1
DA:109,1
DA:110,1
DA:111,1
DA:112,1
DA:113,1
DA:114,1
DA:115,1
DA:116,1
DA:117,1
DA:118,1
DA:119,1
DA:120,1
DA:121,1
DA:122,1
DA:123,1
DA:124,1
DA:125,1
DA:126,1
DA:127,1
DA:128,1
DA:129,1
DA:130,1
DA:131,1
DA:132,1
DA:133,1
DA:134,1
DA:135,1
DA:136,1
DA:137,1
DA:138,1
DA:139,1
DA:140,1
DA:141,1
DA:142,1
DA:143,1
DA:144,1
DA:145,1
DA:146,1
DA:147,1
DA:148,1
DA:149,1
DA:150,1
DA:151,1
DA:152,1
DA:153,1
DA:154,1
DA:155,1
DA:156,1
DA:157,1
DA:158,1
DA:159,1
DA:160,1
DA:161,1
DA:162,1
DA:163,1
DA:164,1
DA:165,1
DA:166,3
DA:167,3
DA:168,3
DA:169,3
DA:170,3
DA:171,3
DA:172,1
DA:173,1
DA:174,1
DA:175,1
DA:176,1
DA:177,1
DA:178,3
DA:179,3
DA:180,3
DA:181,3
DA:182,3
DA:183,3
DA:184,1
LF:184
LH:184
BRDA:13,0,0,2
BRDA:23,1,0,1
BRDA:32,2,0,2
BRDA:41,3,0,1
BRDA:50,4,0,1
BRDA:59,5,0,1
BRDA:70,6,0,1
BRDA:79,7,0,1
BRDA:90,8,0,1
BRDA:101,9,0,1
BRDA:114,10,0,1
BRDA:127,11,0,1
BRDA:140,12,0,1
BRDA:153,13,0,1
BRDA:165,14,0,3
BRDA:177,15,0,3
BRF:16
BRH:16
end_of_record
TN:
SF:src/ejercicio_practica/csvProcessor.ts
FN:14,parseContent
FN:41,extractData
FNF:2
FNH:2
FNDA:2,parseContent
FNDA:1,extractData
DA:1,1
DA:2,1
DA:3,1
DA:4,1
DA:5,1
DA:6,1
DA:7,1
DA:8,1
DA:9,1
DA:10,1
DA:11,1
DA:12,1
DA:13,1
DA:14,1
DA:15,2
DA:16,2
DA:17,2
DA:18,10
DA:19,10
DA:20,10
DA:21,10
DA:22,6
DA:23,10
DA:24,2
DA:25,2
DA:26,6
DA:27,6
DA:28,6
DA:29,6
DA:30,6
DA:31,6
DA:32,2
DA:33,2
DA:34,2
DA:35,1
DA:36,1
DA:37,1
DA:38,1
DA:39,1
DA:40,1
DA:41,1
DA:42,1
DA:43,1
DA:44,1
DA:45,1
DA:46,1
LF:46
LH:46
BRDA:14,0,0,2
BRDA:17,1,0,10
BRDA:21,2,0,6
BRDA:25,3,0,6
BRDA:41,4,0,1
BRDA:42,5,0,3
BRDA:43,6,0,3
BRF:7
BRH:7
end_of_record
TN:
SF:src/ejercicio_practica/fileProcessor.ts
FN:13,process
FN:24,readFile
FNF:2
FNH:2
FNDA:2,process
FNDA:2,readFile
DA:1,1
DA:2,1
DA:3,1
DA:4,1
DA:5,1
DA:6,1
DA:7,1
DA:8,1
DA:9,1
DA:10,1
DA:11,1
DA:12,1
DA:13,1
DA:14,2
DA:15,2
DA:16,2
DA:17,2
DA:18,1
DA:19,1
DA:20,1
DA:21,1
DA:22,1
DA:23,1
DA:24,1
DA:25,2
DA:26,2
DA:27,1
DA:28,1
DA:29,1
DA:30,1
DA:31,1
DA:32,1
DA:33,1
DA:34,1
DA:35,1
DA:36,1
DA:37,1
DA:38,1
DA:39,1
DA:40,1
DA:41,1
DA:42,1
DA:43,1
DA:44,1
LF:44
LH:44
BRDA:13,0,0,2
BRDA:24,1,0,2
BRF:2
BRH:2
end_of_record
TN:
SF:src/ejercicio_practica/jsonProcessor.ts
FN:14,parseContent
FN:30,extractData
FNF:2
FNH:2
FNDA:2,parseContent
FNDA:1,extractData
DA:1,1
DA:2,1
DA:3,1
DA:4,1
DA:5,1
DA:6,1
DA:7,1
DA:8,1
DA:9,1
DA:10,1
DA:11,1
DA:12,1
DA:13,1
DA:14,1
DA:15,2
DA:16,2
DA:17,2
DA:18,6
DA:19,6
DA:20,6
DA:21,2
DA:22,2
DA:23,2
DA:24,1
DA:25,1
DA:26,1
DA:27,1
DA:28,1
DA:29,1
DA:30,1
DA:31,1
DA:32,1
DA:33,1
DA:34,1
DA:35,1
DA:36,1
DA:37,1
DA:38,1
LF:38
LH:38
BRDA:14,0,0,2
BRDA:17,1,0,6
BRDA:30,2,0,1
BRDA:34,3,0,3
BRDA:35,4,0,3
BRF:5
BRH:5
end_of_record
