TN:
SF:src/ejercicio-1/card.ts
FN:42,<instance_members_initializer>
FN:56,Card
FN:78,getId
FN:86,getNombre
FN:94,getCosteDeMana
FN:102,getColor
FN:110,getTipo
FN:118,getRareza
FN:126,getTextoDeReglas
FN:134,getValorDeMercado
FN:142,getFuerzaYResistencia
FN:150,getMarcasDeLealtad
FNF:12
FNH:12
FNDA:3,<instance_members_initializer>
FNDA:3,Card
FNDA:3,getId
FNDA:3,getNombre
FNDA:3,getCosteDeMana
FNDA:3,getColor
FNDA:3,getTipo
FNDA:3,getRareza
FNDA:3,getTextoDeReglas
FNDA:3,getValorDeMercado
FNDA:3,getFuerzaYResistencia
FNDA:3,getMarcasDeLealtad
DA:1,1
DA:2,1
DA:3,1
DA:4,1
DA:5,1
DA:6,1
DA:7,1
DA:8,1
DA:9,1
DA:10,1
DA:11,1
DA:12,1
DA:13,1
DA:14,1
DA:15,1
DA:16,1
DA:17,1
DA:18,1
DA:19,1
DA:20,1
DA:21,1
DA:22,1
DA:23,1
DA:24,1
DA:25,1
DA:26,1
DA:27,1
DA:28,1
DA:29,1
DA:30,1
DA:31,1
DA:32,1
DA:33,1
DA:34,1
DA:35,1
DA:36,1
DA:37,1
DA:38,1
DA:39,1
DA:40,1
DA:41,1
DA:42,1
DA:43,3
DA:44,3
DA:45,3
DA:46,3
DA:47,3
DA:48,3
DA:49,3
DA:50,3
DA:51,3
DA:52,3
DA:53,3
DA:54,3
DA:55,3
DA:56,3
DA:57,3
DA:58,3
DA:59,3
DA:60,3
DA:61,3
DA:62,3
DA:63,3
DA:64,3
DA:65,3
DA:66,3
DA:67,3
DA:68,3
DA:69,3
DA:70,3
DA:71,3
DA:72,3
DA:73,3
DA:74,3
DA:75,3
DA:76,3
DA:77,3
DA:78,3
DA:79,3
DA:80,3
DA:81,3
DA:82,3
DA:83,3
DA:84,3
DA:85,3
DA:86,3
DA:87,3
DA:88,3
DA:89,3
DA:90,3
DA:91,3
DA:92,3
DA:93,3
DA:94,3
DA:95,3
DA:96,3
DA:97,3
DA:98,3
DA:99,3
DA:100,3
DA:101,3
DA:102,3
DA:103,3
DA:104,3
DA:105,3
DA:106,3
DA:107,3
DA:108,3
DA:109,3
DA:110,3
DA:111,3
DA:112,3
DA:113,3
DA:114,3
DA:115,3
DA:116,3
DA:117,3
DA:118,3
DA:119,3
DA:120,3
DA:121,3
DA:122,3
DA:123,3
DA:124,3
DA:125,3
DA:126,3
DA:127,3
DA:128,3
DA:129,3
DA:130,3
DA:131,3
DA:132,3
DA:133,3
DA:134,3
DA:135,3
DA:136,3
DA:137,3
DA:138,3
DA:139,3
DA:140,3
DA:141,3
DA:142,3
DA:143,3
DA:144,3
DA:145,3
DA:146,3
DA:147,3
DA:148,3
DA:149,3
DA:150,3
DA:151,3
DA:152,3
DA:153,3
LF:153
LH:153
BRDA:6,0,0,1
BRDA:19,1,0,1
BRDA:32,2,0,1
BRDA:42,3,0,3
BRDA:56,4,0,3
BRDA:68,5,0,1
BRDA:69,6,0,0
BRDA:70,7,0,1
BRDA:71,8,0,0
BRDA:78,9,0,3
BRDA:86,10,0,3
BRDA:94,11,0,3
BRDA:102,12,0,3
BRDA:110,13,0,3
BRDA:118,14,0,3
BRDA:126,15,0,3
BRDA:134,16,0,3
BRDA:142,17,0,3
BRDA:150,18,0,3
BRF:19
BRH:17
end_of_record
TN:
SF:src/ejercicio-1/systemManager.ts
FN:13,getDirectoryFrom
FN:23,getCardFilePath
FN:32,cardExistsIn
FN:41,USER_DOESNT_HAVE_COLLECTION
FN:50,CARD_NOT_FOUND
FN:59,CARD_ALREADY_EXISTS
FN:70,CARD_ADDED
FN:79,CARD_UPDATED
FN:90,CARD_REMOVED
FN:101,ERROR_ADDING_CARD
FN:114,ERROR_UPDATING_CARD
FN:127,ERROR_REMOVING_CARD
FN:140,ERROR_SHOWING_CARD
FN:153,ERROR_LISTING_COLLECTION
FN:165,get CREATURE_CARD_MUST_HAVE_POWER_AND_TOUGHNESS
FN:177,get PLANESWALKER_CARD_MUST_HAVE_LOYALTY_MARKS
FNF:16
FNH:0
FNDA:0,getDirectoryFrom
FNDA:0,getCardFilePath
FNDA:0,cardExistsIn
FNDA:0,USER_DOESNT_HAVE_COLLECTION
FNDA:0,CARD_NOT_FOUND
FNDA:0,CARD_ALREADY_EXISTS
FNDA:0,CARD_ADDED
FNDA:0,CARD_UPDATED
FNDA:0,CARD_REMOVED
FNDA:0,ERROR_ADDING_CARD
FNDA:0,ERROR_UPDATING_CARD
FNDA:0,ERROR_REMOVING_CARD
FNDA:0,ERROR_SHOWING_CARD
FNDA:0,ERROR_LISTING_COLLECTION
FNDA:0,get CREATURE_CARD_MUST_HAVE_POWER_AND_TOUGHNESS
FNDA:0,get PLANESWALKER_CARD_MUST_HAVE_LOYALTY_MARKS
DA:1,1
DA:2,1
DA:3,1
DA:4,1
DA:5,1
DA:6,1
DA:7,1
DA:8,1
DA:9,1
DA:10,1
DA:11,1
DA:12,1
DA:13,1
DA:14,0
DA:15,0
DA:16,1
DA:17,1
DA:18,1
DA:19,1
DA:20,1
DA:21,1
DA:22,1
DA:23,1
DA:24,0
DA:25,0
DA:26,1
DA:27,1
DA:28,1
DA:29,1
DA:30,1
DA:31,1
DA:32,1
DA:33,0
DA:34,0
DA:35,1
DA:36,1
DA:37,1
DA:38,1
DA:39,1
DA:40,1
DA:41,1
DA:42,0
DA:43,0
DA:44,1
DA:45,1
DA:46,1
DA:47,1
DA:48,1
DA:49,1
DA:50,1
DA:51,0
DA:52,0
DA:53,1
DA:54,1
DA:55,1
DA:56,1
DA:57,1
DA:58,1
DA:59,1
DA:60,0
DA:61,0
DA:62,0
DA:63,0
DA:64,1
DA:65,1
DA:66,1
DA:67,1
DA:68,1
DA:69,1
DA:70,1
DA:71,0
DA:72,0
DA:73,1
DA:74,1
DA:75,1
DA:76,1
DA:77,1
DA:78,1
DA:79,1
DA:80,0
DA:81,0
DA:82,0
DA:83,0
DA:84,1
DA:85,1
DA:86,1
DA:87,1
DA:88,1
DA:89,1
DA:90,1
DA:91,0
DA:92,0
DA:93,0
DA:94,0
DA:95,1
DA:96,1
DA:97,1
DA:98,1
DA:99,1
DA:100,1
DA:101,1
DA:102,0
DA:103,0
DA:104,0
DA:105,0
DA:106,0
DA:107,0
DA:108,1
DA:109,1
DA:110,1
DA:111,1
DA:112,1
DA:113,1
DA:114,1
DA:115,0
DA:116,0
DA:117,0
DA:118,0
DA:119,0
DA:120,0
DA:121,1
DA:122,1
DA:123,1
DA:124,1
DA:125,1
DA:126,1
DA:127,1
DA:128,0
DA:129,0
DA:130,0
DA:131,0
DA:132,0
DA:133,0
DA:134,1
DA:135,1
DA:136,1
DA:137,1
DA:138,1
DA:139,1
DA:140,1
DA:141,0
DA:142,0
DA:143,0
DA:144,0
DA:145,0
DA:146,0
DA:147,1
DA:148,1
DA:149,1
DA:150,1
DA:151,1
DA:152,1
DA:153,1
DA:154,0
DA:155,0
DA:156,0
DA:157,0
DA:158,0
DA:159,0
DA:160,1
DA:161,1
DA:162,1
DA:163,1
DA:164,1
DA:165,1
DA:166,0
DA:167,0
DA:168,0
DA:169,0
DA:170,0
DA:171,0
DA:172,1
DA:173,1
DA:174,1
DA:175,1
DA:176,1
DA:177,1
DA:178,0
DA:179,0
DA:180,0
DA:181,0
DA:182,0
DA:183,0
DA:184,1
LF:184
LH:118
BRF:0
BRH:0
end_of_record
TN:
SF:src/ejercicio_practica/csvProcessor.ts
FN:14,parseContent
FN:41,extractData
FNF:2
FNH:2
FNDA:2,parseContent
FNDA:1,extractData
DA:1,1
DA:2,1
DA:3,1
DA:4,1
DA:5,1
DA:6,1
DA:7,1
DA:8,1
DA:9,1
DA:10,1
DA:11,1
DA:12,1
DA:13,1
DA:14,1
DA:15,2
DA:16,2
DA:17,2
DA:18,10
DA:19,10
DA:20,10
DA:21,10
DA:22,6
DA:23,10
DA:24,2
DA:25,2
DA:26,6
DA:27,6
DA:28,6
DA:29,6
DA:30,6
DA:31,6
DA:32,2
DA:33,2
DA:34,2
DA:35,1
DA:36,1
DA:37,1
DA:38,1
DA:39,1
DA:40,1
DA:41,1
DA:42,1
DA:43,1
DA:44,1
DA:45,1
DA:46,1
LF:46
LH:46
BRDA:14,0,0,2
BRDA:17,1,0,10
BRDA:21,2,0,6
BRDA:25,3,0,6
BRDA:41,4,0,1
BRDA:42,5,0,3
BRDA:43,6,0,3
BRF:7
BRH:7
end_of_record
TN:
SF:src/ejercicio_practica/fileProcessor.ts
FN:13,process
FN:24,readFile
FNF:2
FNH:2
FNDA:2,process
FNDA:2,readFile
DA:1,1
DA:2,1
DA:3,1
DA:4,1
DA:5,1
DA:6,1
DA:7,1
DA:8,1
DA:9,1
DA:10,1
DA:11,1
DA:12,1
DA:13,1
DA:14,2
DA:15,2
DA:16,2
DA:17,2
DA:18,1
DA:19,1
DA:20,1
DA:21,1
DA:22,1
DA:23,1
DA:24,1
DA:25,2
DA:26,2
DA:27,1
DA:28,1
DA:29,1
DA:30,1
DA:31,1
DA:32,1
DA:33,1
DA:34,1
DA:35,1
DA:36,1
DA:37,1
DA:38,1
DA:39,1
DA:40,1
DA:41,1
DA:42,1
DA:43,1
DA:44,1
LF:44
LH:44
BRDA:13,0,0,2
BRDA:24,1,0,2
BRF:2
BRH:2
end_of_record
TN:
SF:src/ejercicio_practica/jsonProcessor.ts
FN:14,parseContent
FN:30,extractData
FNF:2
FNH:2
FNDA:2,parseContent
FNDA:1,extractData
DA:1,1
DA:2,1
DA:3,1
DA:4,1
DA:5,1
DA:6,1
DA:7,1
DA:8,1
DA:9,1
DA:10,1
DA:11,1
DA:12,1
DA:13,1
DA:14,1
DA:15,2
DA:16,2
DA:17,2
DA:18,6
DA:19,6
DA:20,6
DA:21,2
DA:22,2
DA:23,2
DA:24,1
DA:25,1
DA:26,1
DA:27,1
DA:28,1
DA:29,1
DA:30,1
DA:31,1
DA:32,1
DA:33,1
DA:34,1
DA:35,1
DA:36,1
DA:37,1
DA:38,1
LF:38
LH:38
BRDA:14,0,0,2
BRDA:17,1,0,6
BRDA:30,2,0,1
BRDA:34,3,0,3
BRDA:35,4,0,3
BRF:5
BRH:5
end_of_record
